\BOOKMARK [1][-]{section*.1}{\376\377\0009\000-\0002\0000}{}% 1
\BOOKMARK [2][-]{section*.2}{\376\377\000a\000\051}{section*.1}% 2
\BOOKMARK [2][-]{section*.3}{\376\377\000b\000\051}{section*.1}% 3
\BOOKMARK [1][-]{section*.4}{\376\377\0009\000-\0002\0003}{}% 4
\BOOKMARK [2][-]{section*.5}{\376\377\000a\000\051\000\040\000\134\000b\000a\000r\000\173\000x\000\175\000=\0005\000.\0002}{section*.4}% 5
\BOOKMARK [2][-]{section*.6}{\376\377\000b\000\051\000\040\000\134\000b\000a\000r\000\173\000x\000\175\000=\0004\000.\0007}{section*.4}% 6
\BOOKMARK [2][-]{section*.7}{\376\377\000c\000\051\000\040\000\134\000b\000a\000r\000\173\000x\000\175\000=\0005\000.\0001}{section*.4}% 7
\BOOKMARK [1][-]{section*.8}{\376\377\0009\000-\0004\0003\000\050\000a\000\051\000\050\000b\000\051}{}% 8
\BOOKMARK [2][-]{section*.9}{\376\377\000a\000\051}{section*.8}% 9
\BOOKMARK [2][-]{section*.10}{\376\377\000b\000\051}{section*.8}% 10
\BOOKMARK [1][-]{section*.11}{\376\377\0009\000-\0006\0004\000\040\000\050\000a\000\051\000\050\000b\000\051\000\050\000e\000\051\000!\000!\000!\000!\000!\000!\000!\000!\000!\000!\000!\000!\000!\000!\000!\000!\000!\000!\000!\000!\000!\000!\000!\000!}{}% 11
\BOOKMARK [2][-]{section*.12}{\376\377\000a\000\051}{section*.11}% 12
\BOOKMARK [2][-]{section*.13}{\376\377\000b\000\051}{section*.11}% 13
\BOOKMARK [2][-]{section*.14}{\376\377\000e\000\051}{section*.11}% 14
\BOOKMARK [1][-]{section*.15}{\376\377\0009\000-\0009\0008}{}% 15
\BOOKMARK [2][-]{section*.16}{\376\377\000a\000\051}{section*.15}% 16
\BOOKMARK [2][-]{section*.17}{\376\377\000b\000\051}{section*.15}% 17
\BOOKMARK [1][-]{section*.18}{\376\377\0001\0000\000-\0004\000\050\000a\000\051\000\050\000b\000\051\000\050\000c\000\051}{}% 18
\BOOKMARK [2][-]{section*.19}{\376\377\000a\000\051}{section*.18}% 19
\BOOKMARK [2][-]{section*.20}{\376\377\000b\000\051}{section*.18}% 20
\BOOKMARK [2][-]{section*.21}{\376\377\000c\000\051}{section*.18}% 21
\BOOKMARK [1][-]{section*.22}{\376\377\0001\0000\000-\0001\0004}{}% 22
\BOOKMARK [2][-]{section*.23}{\376\377\000a\000\051}{section*.22}% 23
\BOOKMARK [2][-]{section*.24}{\376\377\000b\000\051}{section*.22}% 24
\BOOKMARK [2][-]{section*.25}{\376\377\000c\000\051}{section*.22}% 25
\BOOKMARK [2][-]{section*.26}{\376\377\000d\000\051}{section*.22}% 26
\BOOKMARK [1][-]{section*.27}{\376\377\0001\0000\000-\0002\0004}{}% 27
\BOOKMARK [2][-]{section*.28}{\376\377\000a\000\051}{section*.27}% 28
\BOOKMARK [2][-]{section*.29}{\376\377\000b\000\051}{section*.27}% 29
\BOOKMARK [2][-]{section*.30}{\376\377\000c\000\051}{section*.27}% 30
\BOOKMARK [1][-]{section*.31}{\376\377\0001\0000\000-\0005\0002}{}% 31
\BOOKMARK [2][-]{section*.32}{\376\377\000a\000\051}{section*.31}% 32
\BOOKMARK [2][-]{section*.33}{\376\377\000b\000\051}{section*.31}% 33
\BOOKMARK [1][-]{section*.34}{\376\377\0001\0000\000-\0008\0008}{}% 34
\BOOKMARK [2][-]{section*.35}{\376\377\000a\000\051}{section*.34}% 35
\BOOKMARK [2][-]{section*.36}{\376\377\000b\000\051}{section*.34}% 36
