\BOOKMARK [1][-]{section*.1}{\376\377\0003\000-\0001\0000\0009}{}% 1
\BOOKMARK [2][-]{section*.2}{\376\377\000a\000\051}{section*.1}% 2
\BOOKMARK [2][-]{section*.3}{\376\377\000b\000\051}{section*.1}% 3
\BOOKMARK [1][-]{section*.4}{\376\377\0003\000-\0001\0007\0003}{}% 4
\BOOKMARK [2][-]{section*.5}{\376\377\000a\000\051}{section*.4}% 5
\BOOKMARK [2][-]{section*.6}{\376\377\000b\000\051}{section*.4}% 6
\BOOKMARK [2][-]{section*.7}{\376\377\000c\000\051}{section*.4}% 7
\BOOKMARK [2][-]{section*.8}{\376\377\000d\000\051}{section*.4}% 8
\BOOKMARK [1][-]{section*.9}{\376\377\0004\000-\0004}{}% 9
\BOOKMARK [2][-]{section*.10}{\376\377\000a\000\051}{section*.9}% 10
\BOOKMARK [2][-]{section*.11}{\376\377\000b\000\051}{section*.9}% 11
\BOOKMARK [2][-]{section*.12}{\376\377\000c\000\051}{section*.9}% 12
\BOOKMARK [2][-]{section*.13}{\376\377\000d\000\051}{section*.9}% 13
\BOOKMARK [2][-]{section*.14}{\376\377\000e\000\051}{section*.9}% 14
\BOOKMARK [1][-]{section*.15}{\376\377\0004\000-\0008\0002}{}% 15
\BOOKMARK [2][-]{section*.16}{\376\377\000b\000\051\000\040\000?\000?\000?\000?\000?\000?\000?\000?\000?\000?\000?\000?\000?\000?\000?}{section*.15}% 16
\BOOKMARK [2][-]{section*.17}{\376\377\000c\000\051\000\040\000?\000?\000?\000?\000?\000?\000?\000?\000?\000?\000?\000?\000?\000?}{section*.15}% 17
\BOOKMARK [2][-]{section*.18}{\376\377\000d\000\051}{section*.15}% 18
\BOOKMARK [1][-]{section*.19}{\376\377\0004\000-\0001\0001\0007}{}% 19
\BOOKMARK [2][-]{section*.20}{\376\377\000b\000\051}{section*.19}% 20
\BOOKMARK [2][-]{section*.21}{\376\377\000c\000\051}{section*.19}% 21
\BOOKMARK [2][-]{section*.22}{\376\377\000d\000\051}{section*.19}% 22
\BOOKMARK [1][-]{section*.23}{\376\377\0005\000-\0006}{}% 23
\BOOKMARK [2][-]{section*.24}{\376\377\000a\000\051}{section*.23}% 24
\BOOKMARK [2][-]{section*.25}{\376\377\000b\000\051}{section*.23}% 25
\BOOKMARK [2][-]{section*.26}{\376\377\000c\000\051}{section*.23}% 26
\BOOKMARK [2][-]{section*.27}{\376\377\000d\000\051}{section*.23}% 27
\BOOKMARK [2][-]{section*.28}{\376\377\000e\000\051}{section*.23}% 28
\BOOKMARK [2][-]{section*.29}{\376\377\000f\000\051}{section*.23}% 29
\BOOKMARK [2][-]{section*.30}{\376\377\000g\000\051}{section*.23}% 30
\BOOKMARK [1][-]{section*.31}{\376\377\000Q\0002}{}% 31
\BOOKMARK [2][-]{section*.32}{\376\377\000a\000\051}{section*.31}% 32
\BOOKMARK [2][-]{section*.33}{\376\377\000b\000\051}{section*.31}% 33
\BOOKMARK [2][-]{section*.34}{\376\377\000c\000\051}{section*.31}% 34
