\BOOKMARK [1][-]{section*.1}{\376\377\0006\000-\0003\0000}{}% 1
\BOOKMARK [1][-]{section*.2}{\376\377\0006\000-\0004\0006}{}% 2
\BOOKMARK [1][-]{section*.3}{\376\377\0006\000-\0008\0001}{}% 3
\BOOKMARK [1][-]{section*.4}{\376\377\0006\000-\0009\0008}{}% 4
\BOOKMARK [1][-]{section*.5}{\376\377\0007\000-\0001\0002}{}% 5
\BOOKMARK [2][-]{section*.6}{\376\377\000\050\000a\000\051}{section*.5}% 6
\BOOKMARK [2][-]{section*.7}{\376\377\000\050\000b\000\051}{section*.5}% 7
\BOOKMARK [2][-]{section*.8}{\376\377\000\050\000c\000\051}{section*.5}% 8
\BOOKMARK [1][-]{section*.9}{\376\377\0007\000-\0003\0007}{}% 9
\BOOKMARK [2][-]{section*.10}{\376\377\000a\000\051}{section*.9}% 10
\BOOKMARK [2][-]{section*.11}{\376\377\000b\000\051}{section*.9}% 11
\BOOKMARK [2][-]{section*.12}{\376\377\000c\000\051}{section*.9}% 12
\BOOKMARK [1][-]{section*.13}{\376\377\0007\000-\0004\0004}{}% 13
\BOOKMARK [1][-]{section*.14}{\376\377\0008\000-\0001}{}% 14
\BOOKMARK [2][-]{section*.15}{\376\377\000a\000\051}{section*.14}% 15
\BOOKMARK [2][-]{section*.16}{\376\377\000b\000\051}{section*.14}% 16
\BOOKMARK [2][-]{section*.17}{\376\377\000c\000\051}{section*.14}% 17
\BOOKMARK [2][-]{section*.18}{\376\377\000d\000\051}{section*.14}% 18
\BOOKMARK [2][-]{section*.19}{\376\377\000e\000\051}{section*.14}% 19
\BOOKMARK [1][-]{section*.20}{\376\377\0008\000-\0004\0001}{}% 20
\BOOKMARK [2][-]{section*.21}{\376\377\000a\000\051}{section*.20}% 21
\BOOKMARK [2][-]{section*.22}{\376\377\000b\000\051}{section*.20}% 22
\BOOKMARK [2][-]{section*.23}{\376\377\000c\000\051}{section*.20}% 23
\BOOKMARK [1][-]{section*.24}{\376\377\0008\000-\0005\0003}{}% 24
\BOOKMARK [1][-]{section*.25}{\376\377\000Q\0002}{}% 25
\BOOKMARK [2][-]{section*.26}{\376\377\000a\000\051}{section*.25}% 26
\BOOKMARK [2][-]{section*.27}{\376\377\000b\000\051}{section*.25}% 27
\BOOKMARK [2][-]{section*.28}{\376\377\000c\000\051}{section*.25}% 28
\BOOKMARK [2][-]{section*.29}{\376\377\000d\000\051}{section*.25}% 29
